2020-10-06 13:40:54,917 INFO o.a.j.u.JMeterUtils: Setting Locale to en_EN
2020-10-06 13:40:54,956 INFO o.a.j.JMeter: Loading user properties from: /Users/juanka/Documents/apache-jmeter-5.3/bin/user.properties
2020-10-06 13:40:54,957 INFO o.a.j.JMeter: Loading system properties from: /Users/juanka/Documents/apache-jmeter-5.3/bin/system.properties
2020-10-06 13:40:54,960 INFO o.a.j.JMeter: Copyright (c) 1998-2020 The Apache Software Foundation
2020-10-06 13:40:54,960 INFO o.a.j.JMeter: Version 5.3
2020-10-06 13:40:54,960 INFO o.a.j.JMeter: java.version=1.8.0_202
2020-10-06 13:40:54,960 INFO o.a.j.JMeter: java.vm.name=Java HotSpot(TM) 64-Bit Server VM
2020-10-06 13:40:54,960 INFO o.a.j.JMeter: os.name=Mac OS X
2020-10-06 13:40:54,960 INFO o.a.j.JMeter: os.arch=x86_64
2020-10-06 13:40:54,961 INFO o.a.j.JMeter: os.version=10.13.6
2020-10-06 13:40:54,961 INFO o.a.j.JMeter: file.encoding=UTF-8
2020-10-06 13:40:54,961 INFO o.a.j.JMeter: java.awt.headless=null
2020-10-06 13:40:54,961 INFO o.a.j.JMeter: Max memory     =1073741824
2020-10-06 13:40:54,961 INFO o.a.j.JMeter: Available Processors =4
2020-10-06 13:40:54,970 INFO o.a.j.JMeter: Default Locale=English (EN)
2020-10-06 13:40:54,970 INFO o.a.j.JMeter: JMeter  Locale=English (EN)
2020-10-06 13:40:54,970 INFO o.a.j.JMeter: JMeterHome=/Users/juanka/Documents/apache-jmeter-5.3
2020-10-06 13:40:54,970 INFO o.a.j.JMeter: user.dir  =/Users/juanka/Desktop/examples/test_python
2020-10-06 13:40:54,971 INFO o.a.j.JMeter: PWD       =/Users/juanka/Desktop/examples/test_python
2020-10-06 13:40:55,978 INFO o.a.j.JMeter: IP: 192.168.1.117 Name: Juanka-Mac.local FullName: 192.168.1.117
2020-10-06 13:40:56,421 INFO o.a.j.JMeter: Setting LAF to: com.github.weisj.darklaf.DarkLaf:com.github.weisj.darklaf.theme.DarculaTheme
2020-10-06 13:40:59,136 INFO o.a.j.JMeter: Loaded icon properties from org/apache/jmeter/images/icon.properties
2020-10-06 13:41:03,828 INFO o.a.j.s.FileServer: Default base='/Users/juanka/Desktop/examples/test_python'
2020-10-06 13:41:16,651 INFO o.a.j.g.a.Load: Loading file: /Users/juanka/Desktop/examples/test_python/jmeter/testing.jmx
2020-10-06 13:41:16,652 INFO o.a.j.s.FileServer: Set new base='/Users/juanka/Desktop/examples/test_python/jmeter'
2020-10-06 13:41:16,933 INFO o.a.j.s.SaveService: Testplan (JMX) version: 2.2. Testlog (JTL) version: 2.2
2020-10-06 13:41:16,998 INFO o.a.j.s.SaveService: Using SaveService properties file encoding UTF-8
2020-10-06 13:41:17,002 INFO o.a.j.s.SaveService: Using SaveService properties version 5.0
2020-10-06 13:41:17,008 INFO o.a.j.s.SaveService: Loading file: /Users/juanka/Desktop/examples/test_python/jmeter/testing.jmx
2020-10-06 13:41:17,072 INFO o.a.j.p.h.s.HTTPSamplerBase: Parser for text/html is org.apache.jmeter.protocol.http.parser.LagartoBasedHtmlParser
2020-10-06 13:41:17,072 INFO o.a.j.p.h.s.HTTPSamplerBase: Parser for application/xhtml+xml is org.apache.jmeter.protocol.http.parser.LagartoBasedHtmlParser
2020-10-06 13:41:17,072 INFO o.a.j.p.h.s.HTTPSamplerBase: Parser for application/xml is org.apache.jmeter.protocol.http.parser.LagartoBasedHtmlParser
2020-10-06 13:41:17,072 INFO o.a.j.p.h.s.HTTPSamplerBase: Parser for text/xml is org.apache.jmeter.protocol.http.parser.LagartoBasedHtmlParser
2020-10-06 13:41:17,072 INFO o.a.j.p.h.s.HTTPSamplerBase: Parser for text/vnd.wap.wml is org.apache.jmeter.protocol.http.parser.RegexpHTMLParser
2020-10-06 13:41:17,072 INFO o.a.j.p.h.s.HTTPSamplerBase: Parser for text/css is org.apache.jmeter.protocol.http.parser.CssParser
2020-10-06 13:41:17,520 INFO o.a.j.s.SampleResult: Note: Sample TimeStamps are START times
2020-10-06 13:41:17,520 INFO o.a.j.s.SampleResult: sampleresult.default.encoding is set to ISO-8859-1
2020-10-06 13:41:17,520 INFO o.a.j.s.SampleResult: sampleresult.useNanoTime=true
2020-10-06 13:41:17,521 INFO o.a.j.s.SampleResult: sampleresult.nanoThreadSleep=5000
2020-10-06 13:41:18,172 INFO o.a.j.s.FileServer: Set new base='/Users/juanka/Desktop/examples/test_python/jmeter'
2020-10-06 13:41:50,634 INFO o.a.j.e.StandardJMeterEngine: Running the test!
2020-10-06 13:41:50,635 INFO o.a.j.s.SampleEvent: List of sample_variables: []
2020-10-06 13:41:50,636 INFO o.a.j.s.SampleEvent: List of sample_variables: []
2020-10-06 13:41:50,638 INFO o.a.j.e.u.CompoundVariable: Note: Function class names must contain the string: '.functions.'
2020-10-06 13:41:50,639 INFO o.a.j.e.u.CompoundVariable: Note: Function class names must not contain the string: '.gui.'
2020-10-06 13:41:51,073 INFO o.a.j.r.ResultCollector: Folder at /Users/juanka/Desktop/examples/test_python/result/example was created
2020-10-06 13:41:51,075 INFO o.a.j.g.u.JMeterMenuBar: setRunning(true, *local*)
2020-10-06 13:41:51,272 INFO o.a.j.e.StandardJMeterEngine: Starting ThreadGroup: 1 : example
2020-10-06 13:41:51,272 INFO o.a.j.e.StandardJMeterEngine: Starting 1 threads for group example.
2020-10-06 13:41:51,272 INFO o.a.j.e.StandardJMeterEngine: Test will stop on error
2020-10-06 13:41:51,272 INFO o.a.j.t.ThreadGroup: Starting thread group... number=1 threads=1 ramp-up=1 delayedStart=false
2020-10-06 13:41:51,281 INFO o.a.j.t.ThreadGroup: Started thread group number 1
2020-10-06 13:41:51,282 INFO o.a.j.e.StandardJMeterEngine: All thread groups have been started
2020-10-06 13:41:51,289 INFO o.a.j.t.JMeterThread: Thread started: example 1-1
2020-10-06 13:41:51,291 INFO o.a.j.s.FileServer: Stored: var.csv
2020-10-06 13:41:51,317 INFO o.a.j.p.h.s.HTTPHCAbstractImpl: Local host = Juanka-Mac.local
2020-10-06 13:41:51,337 INFO o.a.j.p.h.s.HTTPHC4Impl: HTTP request retry count = 0
2020-10-06 13:41:51,502 INFO o.a.j.t.JMeterThread: Shutdown Test detected by thread: example 1-1
2020-10-06 13:41:51,503 INFO o.a.j.t.JMeterThread: Thread finished: example 1-1
2020-10-06 13:41:51,503 INFO o.a.j.t.JMeterThread: Stopping: example 1-1
2020-10-06 13:41:51,504 INFO o.a.j.e.StandardJMeterEngine: Notifying test listeners of end of test
2020-10-06 13:41:51,505 INFO o.a.j.s.FileServer: Close: var.csv
2020-10-06 13:41:51,505 INFO o.a.j.g.u.JMeterMenuBar: setRunning(false, *local*)
